<?xml version="1.0" encoding="UTF-8"?>
<!-- Generated by org.testng.reporters.JUnitReportReporter -->
<testsuite hostname="IDEAPAD-LT3" failures="0" tests="11" name="Testngproject1.iTCbackoffice1.Coasecureloginpage" time="67.774" errors="0" timestamp="12 Dec 2023 10:07:00 GMT">
  <testcase classname="Testngproject1.iTCbackoffice1.Coasecureloginpage" name="TestCase2ForVerifyingPasscodeField" time="29.481"/>
  <testcase classname="Testngproject1.iTCbackoffice1.Coasecureloginpage" name="coaNetworkAllRightsReserved" time="0.002"/>
  <testcase classname="Testngproject1.iTCbackoffice1.Coasecureloginpage" name="testHeadline" time="0.025"/>
  <testcase classname="Testngproject1.iTCbackoffice1.Coasecureloginpage" name="loginButtonEnabled" time="2.111"/>
  <testcase classname="Testngproject1.iTCbackoffice1.Coasecureloginpage" name="itcLogoVisibility" time="0.033"/>
  <testcase classname="Testngproject1.iTCbackoffice1.Coasecureloginpage" name="testDefaultSelectedCheckBox" time="0.055"/>
  <testcase classname="Testngproject1.iTCbackoffice1.Coasecureloginpage" name="TestCase1ForVerifyingEmailField" time="12.357"/>
  <testcase classname="Testngproject1.iTCbackoffice1.Coasecureloginpage" name="testForgotLinkClick1" time="5.147"/>
  <testcase classname="Testngproject1.iTCbackoffice1.Coasecureloginpage" name="testContactUsInformation" time="0.231"/>
  <testcase classname="Testngproject1.iTCbackoffice1.Coasecureloginpage" name="testPbxLinkClick" time="9.223"/>
  <testcase classname="Testngproject1.iTCbackoffice1.Coasecureloginpage" name="testCheckboxIsChecked" time="9.109"/>
</testsuite> <!-- Testngproject1.iTCbackoffice1.Coasecureloginpage -->
