<?xml version="1.0" encoding="UTF-8"?>
<!-- Generated by org.testng.reporters.JUnitReportReporter -->
<testsuite hostname="IDEAPAD-LT3" failures="0" tests="1" name="Testngproject1.iTCbackoffice1.TestCallings" time="56.028" errors="0" timestamp="12 Feb 2024 10:09:20 GMT">
  <testcase classname="Testngproject1.iTCbackoffice1.TestCallings" name="testItcCallings" time="56.028"/>
</testsuite> <!-- Testngproject1.iTCbackoffice1.TestCallings -->
