<?xml version="1.0" encoding="UTF-8"?>
<!-- Generated by org.testng.reporters.JUnitReportReporter -->
<testsuite hostname="IDEAPAD-LT3" failures="0" tests="2" name="Testngproject1.iTCbackoffice1.callBlack" time="124.869" errors="0" timestamp="30 May 2024 09:41:20 GMT">
  <testcase classname="Testngproject1.iTCbackoffice1.callBlack" name="testAllvalidationofCreatingStandardextension" time="97.114"/>
  <testcase classname="Testngproject1.iTCbackoffice1.callBlack" name="testCreatingStandardExtension" time="27.755"/>
</testsuite> <!-- Testngproject1.iTCbackoffice1.callBlack -->
