<?xml version="1.0" encoding="UTF-8"?>
<!-- Generated by org.testng.reporters.JUnitReportReporter -->
<testsuite hostname="IDEAPAD-LT3" failures="0" tests="3" name="Testngproject1.iTCbackoffice1.AccountManagement" time="291.556" errors="0" timestamp="16 Feb 2024 14:35:00 GMT">
  <testcase classname="Testngproject1.iTCbackoffice1.AccountManagement" name="servicePlan" time="5.392"/>
  <testcase classname="Testngproject1.iTCbackoffice1.AccountManagement" name="f" time="158.252"/>
  <testcase classname="Testngproject1.iTCbackoffice1.AccountManagement" name="billing" time="127.912"/>
</testsuite> <!-- Testngproject1.iTCbackoffice1.AccountManagement -->
