<?xml version="1.0" encoding="UTF-8"?>
<!-- Generated by org.testng.reporters.JUnitReportReporter -->
<testsuite hostname="IDEAPAD-LT3" failures="0" tests="2" name="Testngproject1.iTCbackoffice1.TestSmsvalidatiion" time="35.931" errors="0" timestamp="12 Feb 2024 10:03:58 GMT">
  <testcase classname="Testngproject1.iTCbackoffice1.TestSmsvalidatiion" name="testSmsUIValidation" time="6.451"/>
  <testcase classname="Testngproject1.iTCbackoffice1.TestSmsvalidatiion" name="testSMSfunctionalitiesandValidations" time="29.480"/>
</testsuite> <!-- Testngproject1.iTCbackoffice1.TestSmsvalidatiion -->
