<?xml version="1.0" encoding="UTF-8"?>
<!-- Generated by org.testng.reporters.JUnitReportReporter -->
<testsuite hostname="IDEAPAD-LT3" failures="0" tests="2" name="Testngproject1.iTCbackoffice1.TestUploadingAudioFiles" time="56.498" errors="0" timestamp="12 Feb 2024 10:14:13 GMT">
  <testcase classname="Testngproject1.iTCbackoffice1.TestUploadingAudioFiles" name="testMaingreetingfunctionality" time="38.831"/>
  <testcase classname="Testngproject1.iTCbackoffice1.TestUploadingAudioFiles" name="testUploadAudioFile" time="17.667"/>
</testsuite> <!-- Testngproject1.iTCbackoffice1.TestUploadingAudioFiles -->
