<?xml version="1.0" encoding="UTF-8"?>
<!-- Generated by org.testng.reporters.JUnitReportReporter -->
<testsuite hostname="IDEAPAD-LT3" failures="0" tests="8" name="Testngproject1.iTCbackoffice1.ExtensionFunctionality" time="303.343" errors="0" timestamp="11 Dec 2023 08:27:18 GMT">
  <testcase classname="Testngproject1.iTCbackoffice1.ExtensionFunctionality" name="testAllvalidationofCreatingStandardextension" time="72.708"/>
  <testcase classname="Testngproject1.iTCbackoffice1.ExtensionFunctionality" name="testCreatingMessageTakingext" time="24.963"/>
  <testcase classname="Testngproject1.iTCbackoffice1.ExtensionFunctionality" name="testUIofextensionfunctionality" time="12.319"/>
  <testcase classname="Testngproject1.iTCbackoffice1.ExtensionFunctionality" name="testCreatingStandardExtension" time="25.235"/>
  <testcase classname="Testngproject1.iTCbackoffice1.ExtensionFunctionality" name="testAllvalidationofAddingExtensionnumberfields" time="24.515"/>
  <testcase classname="Testngproject1.iTCbackoffice1.ExtensionFunctionality" name="testAllvalidationwithCreatingDeparmentExtension" time="104.885"/>
  <testcase classname="Testngproject1.iTCbackoffice1.ExtensionFunctionality" name="testClicksoncreatedExtensions" time="16.827"/>
  <testcase classname="Testngproject1.iTCbackoffice1.ExtensionFunctionality" name="testCreatingInfoext" time="21.891"/>
</testsuite> <!-- Testngproject1.iTCbackoffice1.ExtensionFunctionality -->
