<?xml version="1.0" encoding="UTF-8"?>
<!-- Generated by org.testng.reporters.JUnitReportReporter -->
<testsuite hostname="IDEAPAD-LT3" failures="0" tests="1" name="Testngproject1.iTCbackoffice1.afterhoursgree" time="36.614" errors="0" timestamp="21 Feb 2024 14:37:19 GMT">
  <testcase classname="Testngproject1.iTCbackoffice1.afterhoursgree" name="f" time="36.614"/>
</testsuite> <!-- Testngproject1.iTCbackoffice1.afterhoursgree -->
